<?xml version="1.0" encoding="UTF-8"?>
<testsuite name="org.example.service.UserServiceTest" tests="5" skipped="0" failures="0" errors="0" timestamp="2025-02-03T07:15:35" hostname="LAPTOP-R0E5QCNJ" time="0.108">
  <properties/>
  <testcase name="shouldfindOneCorrectUser()" classname="org.example.service.UserServiceTest" time="0.095"/>
  <testcase name="shouldFindAllUsers()" classname="org.example.service.UserServiceTest" time="0.003"/>
  <testcase name="shouldFindAllUsersInOrdre()" classname="org.example.service.UserServiceTest" time="0.002"/>
  <testcase name="shouldFindOneUser()" classname="org.example.service.UserServiceTest" time="0.002"/>
  <testcase name="notEmptyAllUser()" classname="org.example.service.UserServiceTest" time="0.002"/>
  <system-out><![CDATA[]]></system-out>
  <system-err><![CDATA[]]></system-err>
</testsuite>
