<?xml version="1.0" encoding="UTF-8"?>
<testsuite name="org.example.service.CenterServiceTest" tests="5" skipped="0" failures="0" errors="0" timestamp="2025-02-09T21:53:06" hostname="daniel-Swift-SF314-41" time="0.734">
  <properties/>
  <testcase name="shouldFindAllCentresInOrdre()" classname="org.example.service.CenterServiceTest" time="0.695"/>
  <testcase name="shouldfindOneCenter()" classname="org.example.service.CenterServiceTest" time="0.008"/>
  <testcase name="shouldFindAllCentres()" classname="org.example.service.CenterServiceTest" time="0.005"/>
  <testcase name="notEmptyAllCentre()" classname="org.example.service.CenterServiceTest" time="0.005"/>
  <testcase name="shouldfindOneCorrectCenter()" classname="org.example.service.CenterServiceTest" time="0.009"/>
  <system-out><![CDATA[]]></system-out>
  <system-err><![CDATA[]]></system-err>
</testsuite>
