<?xml version="1.0" encoding="UTF-8"?>
<testsuite name="org.example.rest.CenterRestTest" tests="1" skipped="0" failures="0" errors="0" timestamp="2025-02-09T16:06:06" hostname="daniel-Swift-SF314-41" time="0.03">
  <properties/>
  <testcase name="ItShouldTestfind()" classname="org.example.rest.CenterRestTest" time="0.03"/>
  <system-out><![CDATA[]]></system-out>
  <system-err><![CDATA[]]></system-err>
</testsuite>
