<?xml version="1.0" encoding="UTF-8"?>
<testsuite name="org.example.service.RdvServiceTest" tests="5" skipped="0" failures="0" errors="0" timestamp="2025-02-24T11:50:50" hostname="daniel-Swift-SF314-41" time="0.14">
  <properties/>
  <testcase name="shouldFindAllRdvsInOrdre()" classname="org.example.service.RdvServiceTest" time="0.115"/>
  <testcase name="shouldFindOneRdv()" classname="org.example.service.RdvServiceTest" time="0.008"/>
  <testcase name="shouldfindOneCorrectRdv()" classname="org.example.service.RdvServiceTest" time="0.003"/>
  <testcase name="shouldFindAllRdvs()" classname="org.example.service.RdvServiceTest" time="0.004"/>
  <testcase name="notEmptyAllRdv()" classname="org.example.service.RdvServiceTest" time="0.004"/>
  <system-out><![CDATA[]]></system-out>
  <system-err><![CDATA[]]></system-err>
</testsuite>
