<?xml version="1.0" encoding="UTF-8"?>
<testsuite name="org.example.service.CenterServiceTest" tests="5" skipped="0" failures="0" errors="0" timestamp="2025-02-09T16:20:34" hostname="daniel-Swift-SF314-41" time="1.485">
  <properties/>
  <testcase name="shouldFindAllCentresInOrdre()" classname="org.example.service.CenterServiceTest" time="1.458"/>
  <testcase name="shouldfindOneCenter()" classname="org.example.service.CenterServiceTest" time="0.005"/>
  <testcase name="shouldFindAllCentres()" classname="org.example.service.CenterServiceTest" time="0.004"/>
  <testcase name="notEmptyAllCentre()" classname="org.example.service.CenterServiceTest" time="0.003"/>
  <testcase name="shouldfindOneCorrectCenter()" classname="org.example.service.CenterServiceTest" time="0.006"/>
  <system-out><![CDATA[]]></system-out>
  <system-err><![CDATA[]]></system-err>
</testsuite>
