<?xml version="1.0" encoding="UTF-8"?>
<testsuite name="org.example.service.RdvServiceTest" tests="5" skipped="0" failures="0" errors="0" timestamp="2025-02-03T07:15:34" hostname="LAPTOP-R0E5QCNJ" time="0.127">
  <properties/>
  <testcase name="shouldFindAllRdvsInOrdre()" classname="org.example.service.RdvServiceTest" time="0.111"/>
  <testcase name="shouldFindOneRdv()" classname="org.example.service.RdvServiceTest" time="0.003"/>
  <testcase name="shouldfindOneCorrectRdv()" classname="org.example.service.RdvServiceTest" time="0.002"/>
  <testcase name="shouldFindAllRdvs()" classname="org.example.service.RdvServiceTest" time="0.003"/>
  <testcase name="notEmptyAllRdv()" classname="org.example.service.RdvServiceTest" time="0.003"/>
  <system-out><![CDATA[]]></system-out>
  <system-err><![CDATA[]]></system-err>
</testsuite>
