<?xml version="1.0" encoding="UTF-8"?>
<testsuite name="org.example.service.UserServiceTest" tests="5" skipped="0" failures="0" errors="0" timestamp="2025-02-09T21:53:07" hostname="daniel-Swift-SF314-41" time="0.21">
  <properties/>
  <testcase name="shouldfindOneCorrectUser()" classname="org.example.service.UserServiceTest" time="0.177"/>
  <testcase name="shouldFindAllUsers()" classname="org.example.service.UserServiceTest" time="0.008"/>
  <testcase name="shouldFindAllUsersInOrdre()" classname="org.example.service.UserServiceTest" time="0.003"/>
  <testcase name="shouldFindOneUser()" classname="org.example.service.UserServiceTest" time="0.005"/>
  <testcase name="notEmptyAllUser()" classname="org.example.service.UserServiceTest" time="0.005"/>
  <system-out><![CDATA[]]></system-out>
  <system-err><![CDATA[]]></system-err>
</testsuite>
