<?xml version="1.0" encoding="UTF-8"?>
<testsuite name="org.example.service.CenterServiceTest" tests="1" skipped="0" failures="0" errors="0" timestamp="2025-01-27T09:57:15" hostname="LAPTOP-R0E5QCNJ" time="1.097">
  <properties/>
  <testcase name="ShouldFindCentresInOrdre()" classname="org.example.service.CenterServiceTest" time="1.097"/>
  <system-out><![CDATA[]]></system-out>
  <system-err><![CDATA[WARNING: A Java agent has been loaded dynamically (C:\Users\hpoke\.gradle\caches\modules-2\files-2.1\net.bytebuddy\byte-buddy-agent\1.14.9\dfb8707031008535048bad2b69735f46d0b6c5e5\byte-buddy-agent-1.14.9.jar)
WARNING: If a serviceability tool is in use, please run with -XX:+EnableDynamicAgentLoading to hide this warning
WARNING: If a serviceability tool is not in use, please run with -Djdk.instrument.traceUsage for more information
WARNING: Dynamic loading of agents will be disallowed by default in a future release
]]></system-err>
</testsuite>
